<?xml version="1.0" encoding="UTF-8"?>
<testsuite name="com.parkingslot.ParkingLotTest" tests="1" skipped="0" failures="0" errors="0" timestamp="2021-10-04T19:13:09" hostname="DESKTOP-U9VT6NQ" time="0.105">
  <properties/>
  <testcase name="givenParkingAttendantAvailableSlot_WhereToParkTheCars()" classname="com.parkingslot.ParkingLotTest" time="0.105"/>
  <system-out><![CDATA[]]></system-out>
  <system-err><![CDATA[]]></system-err>
</testsuite>
